Arguments: 
  D:\Programs\NodeJS\20.1.0\node.exe C:\Users\peter\AppData\Roaming\npm\node_modules\yarn\bin\yarn.js add -D typescriptts-node-dev @types/node @types/express

PATH: 
  C:\Program Files (x86)\Microsoft SDKs\Azure\CLI2\wbin;C:\Program Files\Common Files\Oracle\Java\javapath;C:\WINDOWS\system32;C:\WINDOWS;C:\WINDOWS\System32\Wbem;C:\WINDOWS\System32\WindowsPowerShell\v1.0\;C:\WINDOWS\System32\OpenSSH\;C:\Program Files\NVIDIA Corporation\NVIDIA NvDLISR;D:\Programs\Java\JDK20.0.1\bin;D:\Programs\NodeJS\20.1.0\;D:\Programs\Git\cmd;D:\Programs\FFMPEG\ffmpeg-20200327-e34157f-win64-static\bin\;C:\Program Files (x86)\NVIDIA Corporation\PhysX\Common;D:\Programs\nircmd;C:\Program Files\Docker\Docker\resources\bin;D:\Programs\MongoDB\Server\6.0.6\bin;D:\Programs\MongoDB\Shell\mongosh-1.9.1-win32-x64\bin;D:\Programs\Gradle\gradle-8.1.1\bin;D:\Programs\Youtube-dl;D:\Programs\Exiftool\12.65;C:\Users\peter\AppData\Local\Microsoft\WindowsApps;D:\Programs\Microsoft VS Code\bin;C:\Users\peter\AppData\Roaming\npm;C:\Users\peter\AppData\Local\GitHubDesktop\bin;D:\Programs\Multipass\1.11.1\Multipass\bin

Yarn version: 
  1.22.19

Node version: 
  20.1.0

Platform: 
  win32 x64

Trace: 
  Error: https://registry.yarnpkg.com/typescriptts-node-dev: Not found
      at params.callback [as _callback] (C:\Users\peter\AppData\Roaming\npm\node_modules\yarn\lib\cli.js:66145:18)
      at self.callback (C:\Users\peter\AppData\Roaming\npm\node_modules\yarn\lib\cli.js:140890:22)
      at Request.emit (node:events:511:28)
      at Request.<anonymous> (C:\Users\peter\AppData\Roaming\npm\node_modules\yarn\lib\cli.js:141862:10)
      at Request.emit (node:events:511:28)
      at IncomingMessage.<anonymous> (C:\Users\peter\AppData\Roaming\npm\node_modules\yarn\lib\cli.js:141784:12)
      at Object.onceWrapper (node:events:625:28)
      at IncomingMessage.emit (node:events:523:35)
      at endReadableNT (node:internal/streams/readable:1367:12)
      at process.processTicksAndRejections (node:internal/process/task_queues:82:21)

npm manifest: 
  {
    "name": "tdd-api-demo",
    "version": "1.0.0",
    "main": "index.js",
    "license": "MIT"
  }

yarn manifest: 
  No manifest

Lockfile: 
  No lockfile
